SF:lib/src/features/data/database/app_database.dart
DA:5,1
DA:6,1
DA:8,2
DA:9,0
DA:10,0
LF:5
LH:3
end_of_record
SF:lib/src/features/domain/entity/user.dart
DA:10,3
DA:17,2
DA:18,2
DA:19,2
DA:20,2
DA:21,2
DA:23,2
DA:24,2
DA:25,2
DA:26,2
DA:27,2
DA:28,2
DA:32,1
DA:33,1
DA:34,1
DA:35,0
DA:36,0
DA:37,0
DA:41,2
DA:42,10
LF:20
LH:17
end_of_record
SF:lib/src/features/domain/entity/login_result.dart
DA:8,1
DA:10,1
DA:11,1
DA:13,2
DA:15,1
DA:16,3
LF:6
LH:6
end_of_record
SF:lib/src/core/utils/extensions/extensions.dart
DA:4,0
DA:5,0
DA:7,0
DA:8,0
DA:11,0
DA:12,0
DA:13,0
DA:17,0
DA:18,0
DA:19,0
DA:20,0
DA:22,0
DA:23,0
DA:25,0
DA:26,0
DA:27,0
DA:29,0
DA:30,0
DA:31,0
DA:33,0
DA:34,0
DA:36,0
DA:37,0
DA:43,0
DA:44,0
DA:45,0
LF:26
LH:0
end_of_record
SF:lib/src/features/data/repository/user_repository_impl.dart
DA:9,1
DA:11,1
DA:14,2
DA:17,1
DA:19,1
DA:20,0
DA:22,0
DA:25,0
DA:26,0
DA:28,2
DA:29,2
DA:32,0
DA:36,0
DA:39,0
DA:41,0
DA:43,0
DA:46,0
DA:50,0
DA:53,0
DA:56,0
DA:58,0
DA:59,0
DA:61,0
DA:62,0
DA:64,0
DA:66,0
DA:70,0
DA:78,0
DA:80,0
DA:81,0
LF:30
LH:7
end_of_record
SF:lib/src/features/domain/usecase/login_usecase.dart
DA:7,0
DA:9,0
DA:11,0
DA:12,0
DA:13,0
DA:14,0
DA:16,0
LF:7
LH:0
end_of_record
